# JRE version: Java(TM) SE Runtime Environment (17.0.9+11) (build 17.0.9+11-LTS-201)
# Java VM: Java HotSpot(TM) 64-Bit Server VM (17.0.9+11-LTS-201, mixed mode, emulated-client, sharing, tiered, compressed oops, compressed class ptrs, g1 gc, windows-amd64)
GC Precious Log:
 CPUs: 4 total, 4 available
 Memory: 7886M
 Large Page Support: Disabled
 NUMA Support: Disabled
 Compressed Oops: Enabled (32-bit)
 Heap Region Size: 1M
 Heap Min Capacity: 8M
 Heap Initial Capacity: 124M
 Heap Max Capacity: 1972M
 Pre-touch: Disabled
 Parallel Workers: 4
 Concurrent Workers: 1
 Concurrent Refinement Workers: 4
 Periodic GC: Disabled
Heap:
 garbage-first heap   total 67584K, used 20116K [0x0000000084c00000, 0x0000000100000000)
  region size 1024K, 2 young (2048K), 2 survivors (2048K)
 Metaspace       used 35467K, committed 35968K, reserved 1114112K
  class space    used 5071K, committed 5312K, reserved 1048576K
GC Heap History (17 events):
Event: 0.946 GC heap before
{Heap before GC invocations=0 (full 0):
 garbage-first heap   total 126976K, used 14336K [0x0000000084c00000, 0x0000000100000000)
  region size 1024K, 13 young (13312K), 0 survivors (0K)
 Metaspace       used 5637K, committed 5824K, reserved 1114112K
  class space    used 675K, committed 768K, reserved 1048576K
}
Event: 0.954 GC heap after
{Heap after GC invocations=1 (full 0):
 garbage-first heap   total 126976K, used 8032K [0x0000000084c00000, 0x0000000100000000)
  region size 1024K, 2 young (2048K), 2 survivors (2048K)
 Metaspace       used 5637K, committed 5824K, reserved 1114112K
  class space    used 675K, committed 768K, reserved 1048576K
}
Event: 1.199 GC heap before
{Heap before GC invocations=1 (full 0):
 garbage-first heap   total 126976K, used 19296K [0x0000000084c00000, 0x0000000100000000)
  region size 1024K, 13 young (13312K), 2 survivors (2048K)
 Metaspace       used 7608K, committed 7872K, reserved 1114112K
  class space    used 981K, committed 1088K, reserved 1048576K
}
Event: 1.201 GC heap after
{Heap after GC invocations=2 (full 0):
 garbage-first heap   total 126976K, used 8658K [0x0000000084c00000, 0x0000000100000000)
  region size 1024K, 1 young (1024K), 1 survivors (1024K)
 Metaspace       used 7608K, committed 7872K, reserved 1114112K
  class space    used 981K, committed 1088K, reserved 1048576K
}
Event: 1.767 GC heap before
{Heap before GC invocations=2 (full 0):
 garbage-first heap   total 126976K, used 32210K [0x0000000084c00000, 0x0000000100000000)
  region size 1024K, 24 young (24576K), 1 survivors (1024K)
 Metaspace       used 12404K, committed 12800K, reserved 1114112K
  class space    used 1739K, committed 1920K, reserved 1048576K
}
Event: 1.771 GC heap after
{Heap after GC invocations=3 (full 0):
 garbage-first heap   total 126976K, used 10609K [0x0000000084c00000, 0x0000000100000000)
  region size 1024K, 3 young (3072K), 3 survivors (3072K)
 Metaspace       used 12404K, committed 12800K, reserved 1114112K
  class space    used 1739K, committed 1920K, reserved 1048576K
}
Event: 2.570 GC heap before
{Heap before GC invocations=3 (full 0):
 garbage-first heap   total 126976K, used 66929K [0x0000000084c00000, 0x0000000100000000)
  region size 1024K, 59 young (60416K), 3 survivors (3072K)
 Metaspace       used 21094K, committed 21504K, reserved 1114112K
  class space    used 2905K, committed 3136K, reserved 1048576K
}
Event: 2.578 GC heap after
{Heap after GC invocations=4 (full 0):
 garbage-first heap   total 126976K, used 14397K [0x0000000084c00000, 0x0000000100000000)
  region size 1024K, 7 young (7168K), 7 survivors (7168K)
 Metaspace       used 21094K, committed 21504K, reserved 1114112K
  class space    used 2905K, committed 3136K, reserved 1048576K
}
Event: 3.298 GC heap before
{Heap before GC invocations=5 (full 0):
 garbage-first heap   total 55296K, used 43069K [0x0000000084c00000, 0x0000000100000000)
  region size 1024K, 36 young (36864K), 7 survivors (7168K)
 Metaspace       used 24656K, committed 25088K, reserved 1114112K
  class space    used 3451K, committed 3648K, reserved 1048576K
}
Event: 3.313 GC heap after
{Heap after GC invocations=6 (full 0):
 garbage-first heap   total 55296K, used 16353K [0x0000000084c00000, 0x0000000100000000)
  region size 1024K, 6 young (6144K), 6 survivors (6144K)
 Metaspace       used 24656K, committed 25088K, reserved 1114112K
  class space    used 3451K, committed 3648K, reserved 1048576K
}
Event: 3.340 GC heap before
{Heap before GC invocations=6 (full 0):
 garbage-first heap   total 55296K, used 17377K [0x0000000084c00000, 0x0000000100000000)
  region size 1024K, 7 young (7168K), 6 survivors (6144K)
 Metaspace       used 24824K, committed 25344K, reserved 1114112K
  class space    used 3476K, committed 3712K, reserved 1048576K
}
Event: 3.350 GC heap after
{Heap after GC invocations=7 (full 0):
 garbage-first heap   total 55296K, used 16419K [0x0000000084c00000, 0x0000000100000000)
  region size 1024K, 1 young (1024K), 1 survivors (1024K)
 Metaspace       used 24824K, committed 25344K, reserved 1114112K
  class space    used 3476K, committed 3712K, reserved 1048576K
}
Event: 3.766 GC heap before
{Heap before GC invocations=7 (full 0):
 garbage-first heap   total 55296K, used 37923K [0x0000000084c00000, 0x0000000100000000)
  region size 1024K, 22 young (22528K), 1 survivors (1024K)
 Metaspace       used 28107K, committed 28544K, reserved 1114112K
  class space    used 3951K, committed 4160K, reserved 1048576K
}
Event: 3.772 GC heap after
{Heap after GC invocations=8 (full 0):
 garbage-first heap   total 55296K, used 18214K [0x0000000084c00000, 0x0000000100000000)
  region size 1024K, 3 young (3072K), 3 survivors (3072K)
 Metaspace       used 28107K, committed 28544K, reserved 1114112K
  class space    used 3951K, committed 4160K, reserved 1048576K
}
Event: 4.287 GC heap before
{Heap before GC invocations=8 (full 0):
 garbage-first heap   total 55296K, used 38694K [0x0000000084c00000, 0x0000000100000000)
  region size 1024K, 24 young (24576K), 3 survivors (3072K)
 Metaspace       used 31808K, committed 32384K, reserved 1114112K
  class space    used 4463K, committed 4736K, reserved 1048576K
}
Event: 4.293 GC heap after
{Heap after GC invocations=9 (full 0):
 garbage-first heap   total 55296K, used 19642K [0x0000000084c00000, 0x0000000100000000)
  region size 1024K, 2 young (2048K), 2 survivors (2048K)
 Metaspace       used 31808K, committed 32384K, reserved 1114112K
  class space    used 4463K, committed 4736K, reserved 1048576K
}
Event: 4.520 GC heap before
{Heap before GC invocations=9 (full 0):
 garbage-first heap   total 55296K, used 36026K [0x0000000084c00000, 0x0000000100000000)
  region size 1024K, 19 young (19456K), 2 survivors (2048K)
 Metaspace       used 35467K, committed 35968K, reserved 1114112K
  class space    used 5071K, committed 5312K, reserved 1048576K
}

